Assert failed: (every? valid-attr? attrs)
java.lang.AssertionError: Assert failed: (every? valid-attr? attrs)
 at ring.middleware.cookies$write_attr_map.invokeStatic (cookies.clj:73)
    ring.middleware.cookies$write_attr_map.invoke (cookies.clj:73)
    ring.middleware.cookies$write_cookies$iter__32668__32672$fn__32673.invoke (cookies.clj:92)
    clojure.lang.LazySeq.sval (LazySeq.java:40)
    clojure.lang.LazySeq.seq (LazySeq.java:49)
    clojure.lang.RT.seq (RT.java:528)
    clojure.core$seq__5124.invokeStatic (core.clj:137)
    clojure.core$dorun.invokeStatic (core.clj:3125)
    clojure.core$doall.invokeStatic (core.clj:3140)
    clojure.core$doall.invoke (core.clj:3140)
    ring.middleware.cookies$set_cookies.invokeStatic (cookies.clj:102)
    ring.middleware.cookies$set_cookies.invoke (cookies.clj:95)
    ring.middleware.cookies$cookies_response.invokeStatic (cookies.clj:121)
    ring.middleware.cookies$cookies_response.doInvoke (cookies.clj:114)
    clojure.lang.RestFn.invoke (RestFn.java:410)
    ring.middleware.session$session_response.invokeStatic (session.clj:71)
    ring.middleware.session$session_response.doInvoke (session.clj:65)
    clojure.lang.RestFn.invoke (RestFn.java:442)
    ring.middleware.session$wrap_session$fn__32841.invoke (session.clj:104)
    ring.middleware.keyword_params$wrap_keyword_params$fn__32881.invoke (keyword_params.clj:35)
    ring.middleware.nested_params$wrap_nested_params$fn__32947.invoke (nested_params.clj:86)
    ring.middleware.multipart_params$wrap_multipart_params$fn__33127.invoke (multipart_params.clj:133)
    ring.middleware.params$wrap_params$fn__33159.invoke (params.clj:64)
    ring.middleware.cookies$wrap_cookies$fn__32708.invoke (cookies.clj:161)
    ring.middleware.absolute_redirects$wrap_absolute_redirects$fn__33319.invoke (absolute_redirects.clj:47)
    ring.middleware.resource$wrap_resource$fn__33185.invoke (resource.clj:28)
    ring.middleware.content_type$wrap_content_type$fn__33268.invoke (content_type.clj:30)
    ring.middleware.default_charset$wrap_default_charset$fn__33291.invoke (default_charset.clj:31)
    ring.middleware.not_modified$wrap_not_modified$fn__33243.invoke (not_modified.clj:52)
    ring.middleware.x_headers$wrap_x_header$fn__31699.invoke (x_headers.clj:22)
    ring.middleware.x_headers$wrap_x_header$fn__31699.invoke (x_headers.clj:22)
    ring.middleware.x_headers$wrap_x_header$fn__31699.invoke (x_headers.clj:22)
    clojure.lang.Var.invoke (Var.java:381)
    figwheel_sidecar.components.figwheel_server$possible_endpoint$fn__26830.invoke (figwheel_server.clj:200)
    figwheel_sidecar.components.figwheel_server$handle_static_resources$fn__26809.invoke (figwheel_server.clj:173)
    figwheel_sidecar.components.figwheel_server$handle_index$fn__26799.invoke (figwheel_server.clj:161)
    figwheel_sidecar.components.figwheel_server$handle_figwheel_websocket$fn__26824.invoke (figwheel_server.clj:195)
    ring.middleware.cors$wrap_cors$fn__26030.invoke (cors.clj:156)
    figwheel_sidecar.components.figwheel_server$log_output_to_figwheel_server_log$fn__26790.invoke (figwheel_server.clj:141)
    org.httpkit.server.HttpHandler.run (RingHandler.java:91)
    java.util.concurrent.Executors$RunnableAdapter.call (Executors.java:511)
    java.util.concurrent.FutureTask.run (FutureTask.java:266)
    java.util.concurrent.ThreadPoolExecutor.runWorker (ThreadPoolExecutor.java:1149)
    java.util.concurrent.ThreadPoolExecutor$Worker.run (ThreadPoolExecutor.java:624)
    java.lang.Thread.run (Thread.java:748)

Assert failed: (every? valid-attr? attrs)
java.lang.AssertionError: Assert failed: (every? valid-attr? attrs)
 at ring.middleware.cookies$write_attr_map.invokeStatic (cookies.clj:73)
    ring.middleware.cookies$write_attr_map.invoke (cookies.clj:73)
    ring.middleware.cookies$write_cookies$iter__32668__32672$fn__32673.invoke (cookies.clj:92)
    clojure.lang.LazySeq.sval (LazySeq.java:40)
    clojure.lang.LazySeq.seq (LazySeq.java:49)
    clojure.lang.RT.seq (RT.java:528)
    clojure.core$seq__5124.invokeStatic (core.clj:137)
    clojure.core$dorun.invokeStatic (core.clj:3125)
    clojure.core$doall.invokeStatic (core.clj:3140)
    clojure.core$doall.invoke (core.clj:3140)
    ring.middleware.cookies$set_cookies.invokeStatic (cookies.clj:102)
    ring.middleware.cookies$set_cookies.invoke (cookies.clj:95)
    ring.middleware.cookies$cookies_response.invokeStatic (cookies.clj:121)
    ring.middleware.cookies$cookies_response.doInvoke (cookies.clj:114)
    clojure.lang.RestFn.invoke (RestFn.java:410)
    ring.middleware.session$session_response.invokeStatic (session.clj:71)
    ring.middleware.session$session_response.doInvoke (session.clj:65)
    clojure.lang.RestFn.invoke (RestFn.java:442)
    ring.middleware.session$wrap_session$fn__32841.invoke (session.clj:104)
    ring.middleware.keyword_params$wrap_keyword_params$fn__32881.invoke (keyword_params.clj:35)
    ring.middleware.nested_params$wrap_nested_params$fn__32947.invoke (nested_params.clj:86)
    ring.middleware.multipart_params$wrap_multipart_params$fn__33127.invoke (multipart_params.clj:133)
    ring.middleware.params$wrap_params$fn__33159.invoke (params.clj:64)
    ring.middleware.cookies$wrap_cookies$fn__32708.invoke (cookies.clj:161)
    ring.middleware.absolute_redirects$wrap_absolute_redirects$fn__33319.invoke (absolute_redirects.clj:47)
    ring.middleware.resource$wrap_resource$fn__33185.invoke (resource.clj:28)
    ring.middleware.content_type$wrap_content_type$fn__33268.invoke (content_type.clj:30)
    ring.middleware.default_charset$wrap_default_charset$fn__33291.invoke (default_charset.clj:31)
    ring.middleware.not_modified$wrap_not_modified$fn__33243.invoke (not_modified.clj:52)
    ring.middleware.x_headers$wrap_x_header$fn__31699.invoke (x_headers.clj:22)
    ring.middleware.x_headers$wrap_x_header$fn__31699.invoke (x_headers.clj:22)
    ring.middleware.x_headers$wrap_x_header$fn__31699.invoke (x_headers.clj:22)
    clojure.lang.Var.invoke (Var.java:381)
    figwheel_sidecar.components.figwheel_server$possible_endpoint$fn__26830.invoke (figwheel_server.clj:200)
    figwheel_sidecar.components.figwheel_server$handle_static_resources$fn__26809.invoke (figwheel_server.clj:173)
    figwheel_sidecar.components.figwheel_server$handle_index$fn__26799.invoke (figwheel_server.clj:160)
    figwheel_sidecar.components.figwheel_server$handle_figwheel_websocket$fn__26824.invoke (figwheel_server.clj:195)
    ring.middleware.cors$wrap_cors$fn__26030.invoke (cors.clj:156)
    figwheel_sidecar.components.figwheel_server$log_output_to_figwheel_server_log$fn__26790.invoke (figwheel_server.clj:141)
    org.httpkit.server.HttpHandler.run (RingHandler.java:91)
    java.util.concurrent.Executors$RunnableAdapter.call (Executors.java:511)
    java.util.concurrent.FutureTask.run (FutureTask.java:266)
    java.util.concurrent.ThreadPoolExecutor.runWorker (ThreadPoolExecutor.java:1149)
    java.util.concurrent.ThreadPoolExecutor$Worker.run (ThreadPoolExecutor.java:624)
    java.lang.Thread.run (Thread.java:748)

Assert failed: (every? valid-attr? attrs)
java.lang.AssertionError: Assert failed: (every? valid-attr? attrs)
 at ring.middleware.cookies$write_attr_map.invokeStatic (cookies.clj:73)
    ring.middleware.cookies$write_attr_map.invoke (cookies.clj:73)
    ring.middleware.cookies$write_cookies$iter__32668__32672$fn__32673.invoke (cookies.clj:92)
    clojure.lang.LazySeq.sval (LazySeq.java:40)
    clojure.lang.LazySeq.seq (LazySeq.java:49)
    clojure.lang.RT.seq (RT.java:528)
    clojure.core$seq__5124.invokeStatic (core.clj:137)
    clojure.core$dorun.invokeStatic (core.clj:3125)
    clojure.core$doall.invokeStatic (core.clj:3140)
    clojure.core$doall.invoke (core.clj:3140)
    ring.middleware.cookies$set_cookies.invokeStatic (cookies.clj:102)
    ring.middleware.cookies$set_cookies.invoke (cookies.clj:95)
    ring.middleware.cookies$cookies_response.invokeStatic (cookies.clj:121)
    ring.middleware.cookies$cookies_response.doInvoke (cookies.clj:114)
    clojure.lang.RestFn.invoke (RestFn.java:410)
    ring.middleware.session$session_response.invokeStatic (session.clj:71)
    ring.middleware.session$session_response.doInvoke (session.clj:65)
    clojure.lang.RestFn.invoke (RestFn.java:442)
    ring.middleware.session$wrap_session$fn__32841.invoke (session.clj:104)
    ring.middleware.keyword_params$wrap_keyword_params$fn__32881.invoke (keyword_params.clj:35)
    ring.middleware.nested_params$wrap_nested_params$fn__32947.invoke (nested_params.clj:86)
    ring.middleware.multipart_params$wrap_multipart_params$fn__33127.invoke (multipart_params.clj:133)
    ring.middleware.params$wrap_params$fn__33159.invoke (params.clj:64)
    ring.middleware.cookies$wrap_cookies$fn__32708.invoke (cookies.clj:161)
    ring.middleware.absolute_redirects$wrap_absolute_redirects$fn__33319.invoke (absolute_redirects.clj:47)
    ring.middleware.resource$wrap_resource$fn__33185.invoke (resource.clj:28)
    ring.middleware.content_type$wrap_content_type$fn__33268.invoke (content_type.clj:30)
    ring.middleware.default_charset$wrap_default_charset$fn__33291.invoke (default_charset.clj:31)
    ring.middleware.not_modified$wrap_not_modified$fn__33243.invoke (not_modified.clj:52)
    ring.middleware.x_headers$wrap_x_header$fn__31699.invoke (x_headers.clj:22)
    ring.middleware.x_headers$wrap_x_header$fn__31699.invoke (x_headers.clj:22)
    ring.middleware.x_headers$wrap_x_header$fn__31699.invoke (x_headers.clj:22)
    clojure.lang.Var.invoke (Var.java:381)
    figwheel_sidecar.components.figwheel_server$possible_endpoint$fn__26830.invoke (figwheel_server.clj:200)
    figwheel_sidecar.components.figwheel_server$handle_static_resources$fn__26809.invoke (figwheel_server.clj:173)
    figwheel_sidecar.components.figwheel_server$handle_index$fn__26799.invoke (figwheel_server.clj:160)
    figwheel_sidecar.components.figwheel_server$handle_figwheel_websocket$fn__26824.invoke (figwheel_server.clj:195)
    ring.middleware.cors$wrap_cors$fn__26030.invoke (cors.clj:156)
    figwheel_sidecar.components.figwheel_server$log_output_to_figwheel_server_log$fn__26790.invoke (figwheel_server.clj:141)
    org.httpkit.server.HttpHandler.run (RingHandler.java:91)
    java.util.concurrent.Executors$RunnableAdapter.call (Executors.java:511)
    java.util.concurrent.FutureTask.run (FutureTask.java:266)
    java.util.concurrent.ThreadPoolExecutor.runWorker (ThreadPoolExecutor.java:1149)
    java.util.concurrent.ThreadPoolExecutor$Worker.run (ThreadPoolExecutor.java:624)
    java.lang.Thread.run (Thread.java:748)

Assert failed: (every? valid-attr? attrs)
java.lang.AssertionError: Assert failed: (every? valid-attr? attrs)
 at ring.middleware.cookies$write_attr_map.invokeStatic (cookies.clj:73)
    ring.middleware.cookies$write_attr_map.invoke (cookies.clj:73)
    ring.middleware.cookies$write_cookies$iter__32668__32672$fn__32673.invoke (cookies.clj:92)
    clojure.lang.LazySeq.sval (LazySeq.java:40)
    clojure.lang.LazySeq.seq (LazySeq.java:49)
    clojure.lang.RT.seq (RT.java:528)
    clojure.core$seq__5124.invokeStatic (core.clj:137)
    clojure.core$dorun.invokeStatic (core.clj:3125)
    clojure.core$doall.invokeStatic (core.clj:3140)
    clojure.core$doall.invoke (core.clj:3140)
    ring.middleware.cookies$set_cookies.invokeStatic (cookies.clj:102)
    ring.middleware.cookies$set_cookies.invoke (cookies.clj:95)
    ring.middleware.cookies$cookies_response.invokeStatic (cookies.clj:121)
    ring.middleware.cookies$cookies_response.doInvoke (cookies.clj:114)
    clojure.lang.RestFn.invoke (RestFn.java:410)
    ring.middleware.session$session_response.invokeStatic (session.clj:71)
    ring.middleware.session$session_response.doInvoke (session.clj:65)
    clojure.lang.RestFn.invoke (RestFn.java:442)
    ring.middleware.session$wrap_session$fn__32841.invoke (session.clj:104)
    ring.middleware.keyword_params$wrap_keyword_params$fn__32881.invoke (keyword_params.clj:35)
    ring.middleware.nested_params$wrap_nested_params$fn__32947.invoke (nested_params.clj:86)
    ring.middleware.multipart_params$wrap_multipart_params$fn__33127.invoke (multipart_params.clj:133)
    ring.middleware.params$wrap_params$fn__33159.invoke (params.clj:64)
    ring.middleware.cookies$wrap_cookies$fn__32708.invoke (cookies.clj:161)
    ring.middleware.absolute_redirects$wrap_absolute_redirects$fn__33319.invoke (absolute_redirects.clj:47)
    ring.middleware.resource$wrap_resource$fn__33185.invoke (resource.clj:28)
    ring.middleware.content_type$wrap_content_type$fn__33268.invoke (content_type.clj:30)
    ring.middleware.default_charset$wrap_default_charset$fn__33291.invoke (default_charset.clj:31)
    ring.middleware.not_modified$wrap_not_modified$fn__33243.invoke (not_modified.clj:52)
    ring.middleware.x_headers$wrap_x_header$fn__31699.invoke (x_headers.clj:22)
    ring.middleware.x_headers$wrap_x_header$fn__31699.invoke (x_headers.clj:22)
    ring.middleware.x_headers$wrap_x_header$fn__31699.invoke (x_headers.clj:22)
    clojure.lang.Var.invoke (Var.java:381)
    figwheel_sidecar.components.figwheel_server$possible_endpoint$fn__26830.invoke (figwheel_server.clj:200)
    figwheel_sidecar.components.figwheel_server$handle_static_resources$fn__26809.invoke (figwheel_server.clj:173)
    figwheel_sidecar.components.figwheel_server$handle_index$fn__26799.invoke (figwheel_server.clj:160)
    figwheel_sidecar.components.figwheel_server$handle_figwheel_websocket$fn__26824.invoke (figwheel_server.clj:195)
    ring.middleware.cors$wrap_cors$fn__26030.invoke (cors.clj:156)
    figwheel_sidecar.components.figwheel_server$log_output_to_figwheel_server_log$fn__26790.invoke (figwheel_server.clj:141)
    org.httpkit.server.HttpHandler.run (RingHandler.java:91)
    java.util.concurrent.Executors$RunnableAdapter.call (Executors.java:511)
    java.util.concurrent.FutureTask.run (FutureTask.java:266)
    java.util.concurrent.ThreadPoolExecutor.runWorker (ThreadPoolExecutor.java:1149)
    java.util.concurrent.ThreadPoolExecutor$Worker.run (ThreadPoolExecutor.java:624)
    java.lang.Thread.run (Thread.java:748)

Assert failed: (every? valid-attr? attrs)
java.lang.AssertionError: Assert failed: (every? valid-attr? attrs)
 at ring.middleware.cookies$write_attr_map.invokeStatic (cookies.clj:73)
    ring.middleware.cookies$write_attr_map.invoke (cookies.clj:73)
    ring.middleware.cookies$write_cookies$iter__32668__32672$fn__32673.invoke (cookies.clj:92)
    clojure.lang.LazySeq.sval (LazySeq.java:40)
    clojure.lang.LazySeq.seq (LazySeq.java:49)
    clojure.lang.RT.seq (RT.java:528)
    clojure.core$seq__5124.invokeStatic (core.clj:137)
    clojure.core$dorun.invokeStatic (core.clj:3125)
    clojure.core$doall.invokeStatic (core.clj:3140)
    clojure.core$doall.invoke (core.clj:3140)
    ring.middleware.cookies$set_cookies.invokeStatic (cookies.clj:102)
    ring.middleware.cookies$set_cookies.invoke (cookies.clj:95)
    ring.middleware.cookies$cookies_response.invokeStatic (cookies.clj:121)
    ring.middleware.cookies$cookies_response.doInvoke (cookies.clj:114)
    clojure.lang.RestFn.invoke (RestFn.java:410)
    ring.middleware.session$session_response.invokeStatic (session.clj:71)
    ring.middleware.session$session_response.doInvoke (session.clj:65)
    clojure.lang.RestFn.invoke (RestFn.java:442)
    ring.middleware.session$wrap_session$fn__32841.invoke (session.clj:104)
    ring.middleware.keyword_params$wrap_keyword_params$fn__32881.invoke (keyword_params.clj:35)
    ring.middleware.nested_params$wrap_nested_params$fn__32947.invoke (nested_params.clj:86)
    ring.middleware.multipart_params$wrap_multipart_params$fn__33127.invoke (multipart_params.clj:133)
    ring.middleware.params$wrap_params$fn__33159.invoke (params.clj:64)
    ring.middleware.cookies$wrap_cookies$fn__32708.invoke (cookies.clj:161)
    ring.middleware.absolute_redirects$wrap_absolute_redirects$fn__33319.invoke (absolute_redirects.clj:47)
    ring.middleware.resource$wrap_resource$fn__33185.invoke (resource.clj:28)
    ring.middleware.content_type$wrap_content_type$fn__33268.invoke (content_type.clj:30)
    ring.middleware.default_charset$wrap_default_charset$fn__33291.invoke (default_charset.clj:31)
    ring.middleware.not_modified$wrap_not_modified$fn__33243.invoke (not_modified.clj:52)
    ring.middleware.x_headers$wrap_x_header$fn__31699.invoke (x_headers.clj:22)
    ring.middleware.x_headers$wrap_x_header$fn__31699.invoke (x_headers.clj:22)
    ring.middleware.x_headers$wrap_x_header$fn__31699.invoke (x_headers.clj:22)
    clojure.lang.Var.invoke (Var.java:381)
    figwheel_sidecar.components.figwheel_server$possible_endpoint$fn__26830.invoke (figwheel_server.clj:200)
    figwheel_sidecar.components.figwheel_server$handle_static_resources$fn__26809.invoke (figwheel_server.clj:173)
    figwheel_sidecar.components.figwheel_server$handle_index$fn__26799.invoke (figwheel_server.clj:160)
    figwheel_sidecar.components.figwheel_server$handle_figwheel_websocket$fn__26824.invoke (figwheel_server.clj:195)
    ring.middleware.cors$wrap_cors$fn__26030.invoke (cors.clj:156)
    figwheel_sidecar.components.figwheel_server$log_output_to_figwheel_server_log$fn__26790.invoke (figwheel_server.clj:141)
    org.httpkit.server.HttpHandler.run (RingHandler.java:91)
    java.util.concurrent.Executors$RunnableAdapter.call (Executors.java:511)
    java.util.concurrent.FutureTask.run (FutureTask.java:266)
    java.util.concurrent.ThreadPoolExecutor.runWorker (ThreadPoolExecutor.java:1149)
    java.util.concurrent.ThreadPoolExecutor$Worker.run (ThreadPoolExecutor.java:624)
    java.lang.Thread.run (Thread.java:748)

Assert failed: (every? valid-attr? attrs)
java.lang.AssertionError: Assert failed: (every? valid-attr? attrs)
 at ring.middleware.cookies$write_attr_map.invokeStatic (cookies.clj:73)
    ring.middleware.cookies$write_attr_map.invoke (cookies.clj:73)
    ring.middleware.cookies$write_cookies$iter__32668__32672$fn__32673.invoke (cookies.clj:92)
    clojure.lang.LazySeq.sval (LazySeq.java:40)
    clojure.lang.LazySeq.seq (LazySeq.java:49)
    clojure.lang.RT.seq (RT.java:528)
    clojure.core$seq__5124.invokeStatic (core.clj:137)
    clojure.core$dorun.invokeStatic (core.clj:3125)
    clojure.core$doall.invokeStatic (core.clj:3140)
    clojure.core$doall.invoke (core.clj:3140)
    ring.middleware.cookies$set_cookies.invokeStatic (cookies.clj:102)
    ring.middleware.cookies$set_cookies.invoke (cookies.clj:95)
    ring.middleware.cookies$cookies_response.invokeStatic (cookies.clj:121)
    ring.middleware.cookies$cookies_response.doInvoke (cookies.clj:114)
    clojure.lang.RestFn.invoke (RestFn.java:410)
    ring.middleware.session$session_response.invokeStatic (session.clj:71)
    ring.middleware.session$session_response.doInvoke (session.clj:65)
    clojure.lang.RestFn.invoke (RestFn.java:442)
    ring.middleware.session$wrap_session$fn__32841.invoke (session.clj:104)
    ring.middleware.keyword_params$wrap_keyword_params$fn__32881.invoke (keyword_params.clj:35)
    ring.middleware.nested_params$wrap_nested_params$fn__32947.invoke (nested_params.clj:86)
    ring.middleware.multipart_params$wrap_multipart_params$fn__33127.invoke (multipart_params.clj:133)
    ring.middleware.params$wrap_params$fn__33159.invoke (params.clj:64)
    ring.middleware.cookies$wrap_cookies$fn__32708.invoke (cookies.clj:161)
    ring.middleware.absolute_redirects$wrap_absolute_redirects$fn__33319.invoke (absolute_redirects.clj:47)
    ring.middleware.resource$wrap_resource$fn__33185.invoke (resource.clj:28)
    ring.middleware.content_type$wrap_content_type$fn__33268.invoke (content_type.clj:30)
    ring.middleware.default_charset$wrap_default_charset$fn__33291.invoke (default_charset.clj:31)
    ring.middleware.not_modified$wrap_not_modified$fn__33243.invoke (not_modified.clj:52)
    ring.middleware.x_headers$wrap_x_header$fn__31699.invoke (x_headers.clj:22)
    ring.middleware.x_headers$wrap_x_header$fn__31699.invoke (x_headers.clj:22)
    ring.middleware.x_headers$wrap_x_header$fn__31699.invoke (x_headers.clj:22)
    clojure.lang.Var.invoke (Var.java:381)
    figwheel_sidecar.components.figwheel_server$possible_endpoint$fn__26830.invoke (figwheel_server.clj:200)
    figwheel_sidecar.components.figwheel_server$handle_static_resources$fn__26809.invoke (figwheel_server.clj:173)
    figwheel_sidecar.components.figwheel_server$handle_index$fn__26799.invoke (figwheel_server.clj:160)
    figwheel_sidecar.components.figwheel_server$handle_figwheel_websocket$fn__26824.invoke (figwheel_server.clj:195)
    ring.middleware.cors$wrap_cors$fn__26030.invoke (cors.clj:156)
    figwheel_sidecar.components.figwheel_server$log_output_to_figwheel_server_log$fn__26790.invoke (figwheel_server.clj:141)
    org.httpkit.server.HttpHandler.run (RingHandler.java:91)
    java.util.concurrent.Executors$RunnableAdapter.call (Executors.java:511)
    java.util.concurrent.FutureTask.run (FutureTask.java:266)
    java.util.concurrent.ThreadPoolExecutor.runWorker (ThreadPoolExecutor.java:1149)
    java.util.concurrent.ThreadPoolExecutor$Worker.run (ThreadPoolExecutor.java:624)
    java.lang.Thread.run (Thread.java:748)

Assert failed: (every? valid-attr? attrs)
java.lang.AssertionError: Assert failed: (every? valid-attr? attrs)
 at ring.middleware.cookies$write_attr_map.invokeStatic (cookies.clj:73)
    ring.middleware.cookies$write_attr_map.invoke (cookies.clj:73)
    ring.middleware.cookies$write_cookies$iter__32668__32672$fn__32673.invoke (cookies.clj:92)
    clojure.lang.LazySeq.sval (LazySeq.java:40)
    clojure.lang.LazySeq.seq (LazySeq.java:49)
    clojure.lang.RT.seq (RT.java:528)
    clojure.core$seq__5124.invokeStatic (core.clj:137)
    clojure.core$dorun.invokeStatic (core.clj:3125)
    clojure.core$doall.invokeStatic (core.clj:3140)
    clojure.core$doall.invoke (core.clj:3140)
    ring.middleware.cookies$set_cookies.invokeStatic (cookies.clj:102)
    ring.middleware.cookies$set_cookies.invoke (cookies.clj:95)
    ring.middleware.cookies$cookies_response.invokeStatic (cookies.clj:121)
    ring.middleware.cookies$cookies_response.doInvoke (cookies.clj:114)
    clojure.lang.RestFn.invoke (RestFn.java:410)
    ring.middleware.session$session_response.invokeStatic (session.clj:71)
    ring.middleware.session$session_response.doInvoke (session.clj:65)
    clojure.lang.RestFn.invoke (RestFn.java:442)
    ring.middleware.session$wrap_session$fn__32841.invoke (session.clj:104)
    ring.middleware.keyword_params$wrap_keyword_params$fn__32881.invoke (keyword_params.clj:35)
    ring.middleware.nested_params$wrap_nested_params$fn__32947.invoke (nested_params.clj:86)
    ring.middleware.multipart_params$wrap_multipart_params$fn__33127.invoke (multipart_params.clj:133)
    ring.middleware.params$wrap_params$fn__33159.invoke (params.clj:64)
    ring.middleware.cookies$wrap_cookies$fn__32708.invoke (cookies.clj:161)
    ring.middleware.absolute_redirects$wrap_absolute_redirects$fn__33319.invoke (absolute_redirects.clj:47)
    ring.middleware.resource$wrap_resource$fn__33185.invoke (resource.clj:28)
    ring.middleware.content_type$wrap_content_type$fn__33268.invoke (content_type.clj:30)
    ring.middleware.default_charset$wrap_default_charset$fn__33291.invoke (default_charset.clj:31)
    ring.middleware.not_modified$wrap_not_modified$fn__33243.invoke (not_modified.clj:52)
    ring.middleware.x_headers$wrap_x_header$fn__31699.invoke (x_headers.clj:22)
    ring.middleware.x_headers$wrap_x_header$fn__31699.invoke (x_headers.clj:22)
    ring.middleware.x_headers$wrap_x_header$fn__31699.invoke (x_headers.clj:22)
    clojure.lang.Var.invoke (Var.java:381)
    figwheel_sidecar.components.figwheel_server$possible_endpoint$fn__26830.invoke (figwheel_server.clj:200)
    figwheel_sidecar.components.figwheel_server$handle_static_resources$fn__26809.invoke (figwheel_server.clj:173)
    figwheel_sidecar.components.figwheel_server$handle_index$fn__26799.invoke (figwheel_server.clj:160)
    figwheel_sidecar.components.figwheel_server$handle_figwheel_websocket$fn__26824.invoke (figwheel_server.clj:195)
    ring.middleware.cors$wrap_cors$fn__26030.invoke (cors.clj:156)
    figwheel_sidecar.components.figwheel_server$log_output_to_figwheel_server_log$fn__26790.invoke (figwheel_server.clj:141)
    org.httpkit.server.HttpHandler.run (RingHandler.java:91)
    java.util.concurrent.Executors$RunnableAdapter.call (Executors.java:511)
    java.util.concurrent.FutureTask.run (FutureTask.java:266)
    java.util.concurrent.ThreadPoolExecutor.runWorker (ThreadPoolExecutor.java:1149)
    java.util.concurrent.ThreadPoolExecutor$Worker.run (ThreadPoolExecutor.java:624)
    java.lang.Thread.run (Thread.java:748)

Assert failed: (every? valid-attr? attrs)
java.lang.AssertionError: Assert failed: (every? valid-attr? attrs)
 at ring.middleware.cookies$write_attr_map.invokeStatic (cookies.clj:73)
    ring.middleware.cookies$write_attr_map.invoke (cookies.clj:73)
    ring.middleware.cookies$write_cookies$iter__32668__32672$fn__32673.invoke (cookies.clj:92)
    clojure.lang.LazySeq.sval (LazySeq.java:40)
    clojure.lang.LazySeq.seq (LazySeq.java:49)
    clojure.lang.RT.seq (RT.java:528)
    clojure.core$seq__5124.invokeStatic (core.clj:137)
    clojure.core$dorun.invokeStatic (core.clj:3125)
    clojure.core$doall.invokeStatic (core.clj:3140)
    clojure.core$doall.invoke (core.clj:3140)
    ring.middleware.cookies$set_cookies.invokeStatic (cookies.clj:102)
    ring.middleware.cookies$set_cookies.invoke (cookies.clj:95)
    ring.middleware.cookies$cookies_response.invokeStatic (cookies.clj:121)
    ring.middleware.cookies$cookies_response.doInvoke (cookies.clj:114)
    clojure.lang.RestFn.invoke (RestFn.java:410)
    ring.middleware.session$session_response.invokeStatic (session.clj:71)
    ring.middleware.session$session_response.doInvoke (session.clj:65)
    clojure.lang.RestFn.invoke (RestFn.java:442)
    ring.middleware.session$wrap_session$fn__32841.invoke (session.clj:104)
    ring.middleware.keyword_params$wrap_keyword_params$fn__32881.invoke (keyword_params.clj:35)
    ring.middleware.nested_params$wrap_nested_params$fn__32947.invoke (nested_params.clj:86)
    ring.middleware.multipart_params$wrap_multipart_params$fn__33127.invoke (multipart_params.clj:133)
    ring.middleware.params$wrap_params$fn__33159.invoke (params.clj:64)
    ring.middleware.cookies$wrap_cookies$fn__32708.invoke (cookies.clj:161)
    ring.middleware.absolute_redirects$wrap_absolute_redirects$fn__33319.invoke (absolute_redirects.clj:47)
    ring.middleware.resource$wrap_resource$fn__33185.invoke (resource.clj:28)
    ring.middleware.content_type$wrap_content_type$fn__33268.invoke (content_type.clj:30)
    ring.middleware.default_charset$wrap_default_charset$fn__33291.invoke (default_charset.clj:31)
    ring.middleware.not_modified$wrap_not_modified$fn__33243.invoke (not_modified.clj:52)
    ring.middleware.x_headers$wrap_x_header$fn__31699.invoke (x_headers.clj:22)
    ring.middleware.x_headers$wrap_x_header$fn__31699.invoke (x_headers.clj:22)
    ring.middleware.x_headers$wrap_x_header$fn__31699.invoke (x_headers.clj:22)
    clojure.lang.Var.invoke (Var.java:381)
    figwheel_sidecar.components.figwheel_server$possible_endpoint$fn__26830.invoke (figwheel_server.clj:200)
    figwheel_sidecar.components.figwheel_server$handle_static_resources$fn__26809.invoke (figwheel_server.clj:173)
    figwheel_sidecar.components.figwheel_server$handle_index$fn__26799.invoke (figwheel_server.clj:160)
    figwheel_sidecar.components.figwheel_server$handle_figwheel_websocket$fn__26824.invoke (figwheel_server.clj:195)
    ring.middleware.cors$wrap_cors$fn__26030.invoke (cors.clj:156)
    figwheel_sidecar.components.figwheel_server$log_output_to_figwheel_server_log$fn__26790.invoke (figwheel_server.clj:141)
    org.httpkit.server.HttpHandler.run (RingHandler.java:91)
    java.util.concurrent.Executors$RunnableAdapter.call (Executors.java:511)
    java.util.concurrent.FutureTask.run (FutureTask.java:266)
    java.util.concurrent.ThreadPoolExecutor.runWorker (ThreadPoolExecutor.java:1149)
    java.util.concurrent.ThreadPoolExecutor$Worker.run (ThreadPoolExecutor.java:624)
    java.lang.Thread.run (Thread.java:748)

Assert failed: (every? valid-attr? attrs)
java.lang.AssertionError: Assert failed: (every? valid-attr? attrs)
 at ring.middleware.cookies$write_attr_map.invokeStatic (cookies.clj:73)
    ring.middleware.cookies$write_attr_map.invoke (cookies.clj:73)
    ring.middleware.cookies$write_cookies$iter__32668__32672$fn__32673.invoke (cookies.clj:92)
    clojure.lang.LazySeq.sval (LazySeq.java:40)
    clojure.lang.LazySeq.seq (LazySeq.java:49)
    clojure.lang.RT.seq (RT.java:528)
    clojure.core$seq__5124.invokeStatic (core.clj:137)
    clojure.core$dorun.invokeStatic (core.clj:3125)
    clojure.core$doall.invokeStatic (core.clj:3140)
    clojure.core$doall.invoke (core.clj:3140)
    ring.middleware.cookies$set_cookies.invokeStatic (cookies.clj:102)
    ring.middleware.cookies$set_cookies.invoke (cookies.clj:95)
    ring.middleware.cookies$cookies_response.invokeStatic (cookies.clj:121)
    ring.middleware.cookies$cookies_response.doInvoke (cookies.clj:114)
    clojure.lang.RestFn.invoke (RestFn.java:410)
    ring.middleware.session$session_response.invokeStatic (session.clj:71)
    ring.middleware.session$session_response.doInvoke (session.clj:65)
    clojure.lang.RestFn.invoke (RestFn.java:442)
    ring.middleware.session$wrap_session$fn__32841.invoke (session.clj:104)
    ring.middleware.keyword_params$wrap_keyword_params$fn__32881.invoke (keyword_params.clj:35)
    ring.middleware.nested_params$wrap_nested_params$fn__32947.invoke (nested_params.clj:86)
    ring.middleware.multipart_params$wrap_multipart_params$fn__33127.invoke (multipart_params.clj:133)
    ring.middleware.params$wrap_params$fn__33159.invoke (params.clj:64)
    ring.middleware.cookies$wrap_cookies$fn__32708.invoke (cookies.clj:161)
    ring.middleware.absolute_redirects$wrap_absolute_redirects$fn__33319.invoke (absolute_redirects.clj:47)
    ring.middleware.resource$wrap_resource$fn__33185.invoke (resource.clj:28)
    ring.middleware.content_type$wrap_content_type$fn__33268.invoke (content_type.clj:30)
    ring.middleware.default_charset$wrap_default_charset$fn__33291.invoke (default_charset.clj:31)
    ring.middleware.not_modified$wrap_not_modified$fn__33243.invoke (not_modified.clj:52)
    ring.middleware.x_headers$wrap_x_header$fn__31699.invoke (x_headers.clj:22)
    ring.middleware.x_headers$wrap_x_header$fn__31699.invoke (x_headers.clj:22)
    ring.middleware.x_headers$wrap_x_header$fn__31699.invoke (x_headers.clj:22)
    clojure.lang.Var.invoke (Var.java:381)
    figwheel_sidecar.components.figwheel_server$possible_endpoint$fn__26830.invoke (figwheel_server.clj:200)
    figwheel_sidecar.components.figwheel_server$handle_static_resources$fn__26809.invoke (figwheel_server.clj:173)
    figwheel_sidecar.components.figwheel_server$handle_index$fn__26799.invoke (figwheel_server.clj:160)
    figwheel_sidecar.components.figwheel_server$handle_figwheel_websocket$fn__26824.invoke (figwheel_server.clj:195)
    ring.middleware.cors$wrap_cors$fn__26030.invoke (cors.clj:156)
    figwheel_sidecar.components.figwheel_server$log_output_to_figwheel_server_log$fn__26790.invoke (figwheel_server.clj:141)
    org.httpkit.server.HttpHandler.run (RingHandler.java:91)
    java.util.concurrent.Executors$RunnableAdapter.call (Executors.java:511)
    java.util.concurrent.FutureTask.run (FutureTask.java:266)
    java.util.concurrent.ThreadPoolExecutor.runWorker (ThreadPoolExecutor.java:1149)
    java.util.concurrent.ThreadPoolExecutor$Worker.run (ThreadPoolExecutor.java:624)
    java.lang.Thread.run (Thread.java:748)

Assert failed: (every? valid-attr? attrs)
java.lang.AssertionError: Assert failed: (every? valid-attr? attrs)
 at ring.middleware.cookies$write_attr_map.invokeStatic (cookies.clj:73)
    ring.middleware.cookies$write_attr_map.invoke (cookies.clj:73)
    ring.middleware.cookies$write_cookies$iter__32668__32672$fn__32673.invoke (cookies.clj:92)
    clojure.lang.LazySeq.sval (LazySeq.java:40)
    clojure.lang.LazySeq.seq (LazySeq.java:49)
    clojure.lang.RT.seq (RT.java:528)
    clojure.core$seq__5124.invokeStatic (core.clj:137)
    clojure.core$dorun.invokeStatic (core.clj:3125)
    clojure.core$doall.invokeStatic (core.clj:3140)
    clojure.core$doall.invoke (core.clj:3140)
    ring.middleware.cookies$set_cookies.invokeStatic (cookies.clj:102)
    ring.middleware.cookies$set_cookies.invoke (cookies.clj:95)
    ring.middleware.cookies$cookies_response.invokeStatic (cookies.clj:121)
    ring.middleware.cookies$cookies_response.doInvoke (cookies.clj:114)
    clojure.lang.RestFn.invoke (RestFn.java:410)
    ring.middleware.session$session_response.invokeStatic (session.clj:71)
    ring.middleware.session$session_response.doInvoke (session.clj:65)
    clojure.lang.RestFn.invoke (RestFn.java:442)
    ring.middleware.session$wrap_session$fn__32841.invoke (session.clj:104)
    ring.middleware.keyword_params$wrap_keyword_params$fn__32881.invoke (keyword_params.clj:35)
    ring.middleware.nested_params$wrap_nested_params$fn__32947.invoke (nested_params.clj:86)
    ring.middleware.multipart_params$wrap_multipart_params$fn__33127.invoke (multipart_params.clj:133)
    ring.middleware.params$wrap_params$fn__33159.invoke (params.clj:64)
    ring.middleware.cookies$wrap_cookies$fn__32708.invoke (cookies.clj:161)
    ring.middleware.absolute_redirects$wrap_absolute_redirects$fn__33319.invoke (absolute_redirects.clj:47)
    ring.middleware.resource$wrap_resource$fn__33185.invoke (resource.clj:28)
    ring.middleware.content_type$wrap_content_type$fn__33268.invoke (content_type.clj:30)
    ring.middleware.default_charset$wrap_default_charset$fn__33291.invoke (default_charset.clj:31)
    ring.middleware.not_modified$wrap_not_modified$fn__33243.invoke (not_modified.clj:52)
    ring.middleware.x_headers$wrap_x_header$fn__31699.invoke (x_headers.clj:22)
    ring.middleware.x_headers$wrap_x_header$fn__31699.invoke (x_headers.clj:22)
    ring.middleware.x_headers$wrap_x_header$fn__31699.invoke (x_headers.clj:22)
    clojure.lang.Var.invoke (Var.java:381)
    figwheel_sidecar.components.figwheel_server$possible_endpoint$fn__26830.invoke (figwheel_server.clj:200)
    figwheel_sidecar.components.figwheel_server$handle_static_resources$fn__26809.invoke (figwheel_server.clj:173)
    figwheel_sidecar.components.figwheel_server$handle_index$fn__26799.invoke (figwheel_server.clj:160)
    figwheel_sidecar.components.figwheel_server$handle_figwheel_websocket$fn__26824.invoke (figwheel_server.clj:195)
    ring.middleware.cors$wrap_cors$fn__26030.invoke (cors.clj:156)
    figwheel_sidecar.components.figwheel_server$log_output_to_figwheel_server_log$fn__26790.invoke (figwheel_server.clj:141)
    org.httpkit.server.HttpHandler.run (RingHandler.java:91)
    java.util.concurrent.Executors$RunnableAdapter.call (Executors.java:511)
    java.util.concurrent.FutureTask.run (FutureTask.java:266)
    java.util.concurrent.ThreadPoolExecutor.runWorker (ThreadPoolExecutor.java:1149)
    java.util.concurrent.ThreadPoolExecutor$Worker.run (ThreadPoolExecutor.java:624)
    java.lang.Thread.run (Thread.java:748)

Assert failed: (every? valid-attr? attrs)
java.lang.AssertionError: Assert failed: (every? valid-attr? attrs)
 at ring.middleware.cookies$write_attr_map.invokeStatic (cookies.clj:73)
    ring.middleware.cookies$write_attr_map.invoke (cookies.clj:73)
    ring.middleware.cookies$write_cookies$iter__32668__32672$fn__32673.invoke (cookies.clj:92)
    clojure.lang.LazySeq.sval (LazySeq.java:40)
    clojure.lang.LazySeq.seq (LazySeq.java:49)
    clojure.lang.RT.seq (RT.java:528)
    clojure.core$seq__5124.invokeStatic (core.clj:137)
    clojure.core$dorun.invokeStatic (core.clj:3125)
    clojure.core$doall.invokeStatic (core.clj:3140)
    clojure.core$doall.invoke (core.clj:3140)
    ring.middleware.cookies$set_cookies.invokeStatic (cookies.clj:102)
    ring.middleware.cookies$set_cookies.invoke (cookies.clj:95)
    ring.middleware.cookies$cookies_response.invokeStatic (cookies.clj:121)
    ring.middleware.cookies$cookies_response.doInvoke (cookies.clj:114)
    clojure.lang.RestFn.invoke (RestFn.java:410)
    ring.middleware.session$session_response.invokeStatic (session.clj:71)
    ring.middleware.session$session_response.doInvoke (session.clj:65)
    clojure.lang.RestFn.invoke (RestFn.java:442)
    ring.middleware.session$wrap_session$fn__32841.invoke (session.clj:104)
    ring.middleware.keyword_params$wrap_keyword_params$fn__32881.invoke (keyword_params.clj:35)
    ring.middleware.nested_params$wrap_nested_params$fn__32947.invoke (nested_params.clj:86)
    ring.middleware.multipart_params$wrap_multipart_params$fn__33127.invoke (multipart_params.clj:133)
    ring.middleware.params$wrap_params$fn__33159.invoke (params.clj:64)
    ring.middleware.cookies$wrap_cookies$fn__32708.invoke (cookies.clj:161)
    ring.middleware.absolute_redirects$wrap_absolute_redirects$fn__33319.invoke (absolute_redirects.clj:47)
    ring.middleware.resource$wrap_resource$fn__33185.invoke (resource.clj:28)
    ring.middleware.content_type$wrap_content_type$fn__33268.invoke (content_type.clj:30)
    ring.middleware.default_charset$wrap_default_charset$fn__33291.invoke (default_charset.clj:31)
    ring.middleware.not_modified$wrap_not_modified$fn__33243.invoke (not_modified.clj:52)
    ring.middleware.x_headers$wrap_x_header$fn__31699.invoke (x_headers.clj:22)
    ring.middleware.x_headers$wrap_x_header$fn__31699.invoke (x_headers.clj:22)
    ring.middleware.x_headers$wrap_x_header$fn__31699.invoke (x_headers.clj:22)
    clojure.lang.Var.invoke (Var.java:381)
    figwheel_sidecar.components.figwheel_server$possible_endpoint$fn__26830.invoke (figwheel_server.clj:200)
    figwheel_sidecar.components.figwheel_server$handle_static_resources$fn__26809.invoke (figwheel_server.clj:173)
    figwheel_sidecar.components.figwheel_server$handle_index$fn__26799.invoke (figwheel_server.clj:161)
    figwheel_sidecar.components.figwheel_server$handle_figwheel_websocket$fn__26824.invoke (figwheel_server.clj:195)
    ring.middleware.cors$wrap_cors$fn__26030.invoke (cors.clj:156)
    figwheel_sidecar.components.figwheel_server$log_output_to_figwheel_server_log$fn__26790.invoke (figwheel_server.clj:141)
    org.httpkit.server.HttpHandler.run (RingHandler.java:91)
    java.util.concurrent.Executors$RunnableAdapter.call (Executors.java:511)
    java.util.concurrent.FutureTask.run (FutureTask.java:266)
    java.util.concurrent.ThreadPoolExecutor.runWorker (ThreadPoolExecutor.java:1149)
    java.util.concurrent.ThreadPoolExecutor$Worker.run (ThreadPoolExecutor.java:624)
    java.lang.Thread.run (Thread.java:748)

Assert failed: (every? valid-attr? attrs)
java.lang.AssertionError: Assert failed: (every? valid-attr? attrs)
 at ring.middleware.cookies$write_attr_map.invokeStatic (cookies.clj:73)
    ring.middleware.cookies$write_attr_map.invoke (cookies.clj:73)
    ring.middleware.cookies$write_cookies$iter__32668__32672$fn__32673.invoke (cookies.clj:92)
    clojure.lang.LazySeq.sval (LazySeq.java:40)
    clojure.lang.LazySeq.seq (LazySeq.java:49)
    clojure.lang.RT.seq (RT.java:528)
    clojure.core$seq__5124.invokeStatic (core.clj:137)
    clojure.core$dorun.invokeStatic (core.clj:3125)
    clojure.core$doall.invokeStatic (core.clj:3140)
    clojure.core$doall.invoke (core.clj:3140)
    ring.middleware.cookies$set_cookies.invokeStatic (cookies.clj:102)
    ring.middleware.cookies$set_cookies.invoke (cookies.clj:95)
    ring.middleware.cookies$cookies_response.invokeStatic (cookies.clj:121)
    ring.middleware.cookies$cookies_response.doInvoke (cookies.clj:114)
    clojure.lang.RestFn.invoke (RestFn.java:410)
    ring.middleware.session$session_response.invokeStatic (session.clj:71)
    ring.middleware.session$session_response.doInvoke (session.clj:65)
    clojure.lang.RestFn.invoke (RestFn.java:442)
    ring.middleware.session$wrap_session$fn__32841.invoke (session.clj:104)
    ring.middleware.keyword_params$wrap_keyword_params$fn__32881.invoke (keyword_params.clj:35)
    ring.middleware.nested_params$wrap_nested_params$fn__32947.invoke (nested_params.clj:86)
    ring.middleware.multipart_params$wrap_multipart_params$fn__33127.invoke (multipart_params.clj:133)
    ring.middleware.params$wrap_params$fn__33159.invoke (params.clj:64)
    ring.middleware.cookies$wrap_cookies$fn__32708.invoke (cookies.clj:161)
    ring.middleware.absolute_redirects$wrap_absolute_redirects$fn__33319.invoke (absolute_redirects.clj:47)
    ring.middleware.resource$wrap_resource$fn__33185.invoke (resource.clj:28)
    ring.middleware.content_type$wrap_content_type$fn__33268.invoke (content_type.clj:30)
    ring.middleware.default_charset$wrap_default_charset$fn__33291.invoke (default_charset.clj:31)
    ring.middleware.not_modified$wrap_not_modified$fn__33243.invoke (not_modified.clj:52)
    ring.middleware.x_headers$wrap_x_header$fn__31699.invoke (x_headers.clj:22)
    ring.middleware.x_headers$wrap_x_header$fn__31699.invoke (x_headers.clj:22)
    ring.middleware.x_headers$wrap_x_header$fn__31699.invoke (x_headers.clj:22)
    clojure.lang.Var.invoke (Var.java:381)
    figwheel_sidecar.components.figwheel_server$possible_endpoint$fn__26830.invoke (figwheel_server.clj:200)
    figwheel_sidecar.components.figwheel_server$handle_static_resources$fn__26809.invoke (figwheel_server.clj:173)
    figwheel_sidecar.components.figwheel_server$handle_index$fn__26799.invoke (figwheel_server.clj:161)
    figwheel_sidecar.components.figwheel_server$handle_figwheel_websocket$fn__26824.invoke (figwheel_server.clj:195)
    ring.middleware.cors$wrap_cors$fn__26030.invoke (cors.clj:156)
    figwheel_sidecar.components.figwheel_server$log_output_to_figwheel_server_log$fn__26790.invoke (figwheel_server.clj:141)
    org.httpkit.server.HttpHandler.run (RingHandler.java:91)
    java.util.concurrent.Executors$RunnableAdapter.call (Executors.java:511)
    java.util.concurrent.FutureTask.run (FutureTask.java:266)
    java.util.concurrent.ThreadPoolExecutor.runWorker (ThreadPoolExecutor.java:1149)
    java.util.concurrent.ThreadPoolExecutor$Worker.run (ThreadPoolExecutor.java:624)
    java.lang.Thread.run (Thread.java:748)

Assert failed: (every? valid-attr? attrs)
java.lang.AssertionError: Assert failed: (every? valid-attr? attrs)
 at ring.middleware.cookies$write_attr_map.invokeStatic (cookies.clj:73)
    ring.middleware.cookies$write_attr_map.invoke (cookies.clj:73)
    ring.middleware.cookies$write_cookies$iter__32668__32672$fn__32673.invoke (cookies.clj:92)
    clojure.lang.LazySeq.sval (LazySeq.java:40)
    clojure.lang.LazySeq.seq (LazySeq.java:49)
    clojure.lang.RT.seq (RT.java:528)
    clojure.core$seq__5124.invokeStatic (core.clj:137)
    clojure.core$dorun.invokeStatic (core.clj:3125)
    clojure.core$doall.invokeStatic (core.clj:3140)
    clojure.core$doall.invoke (core.clj:3140)
    ring.middleware.cookies$set_cookies.invokeStatic (cookies.clj:102)
    ring.middleware.cookies$set_cookies.invoke (cookies.clj:95)
    ring.middleware.cookies$cookies_response.invokeStatic (cookies.clj:121)
    ring.middleware.cookies$cookies_response.doInvoke (cookies.clj:114)
    clojure.lang.RestFn.invoke (RestFn.java:410)
    ring.middleware.session$session_response.invokeStatic (session.clj:71)
    ring.middleware.session$session_response.doInvoke (session.clj:65)
    clojure.lang.RestFn.invoke (RestFn.java:442)
    ring.middleware.session$wrap_session$fn__32841.invoke (session.clj:104)
    ring.middleware.keyword_params$wrap_keyword_params$fn__32881.invoke (keyword_params.clj:35)
    ring.middleware.nested_params$wrap_nested_params$fn__32947.invoke (nested_params.clj:86)
    ring.middleware.multipart_params$wrap_multipart_params$fn__33127.invoke (multipart_params.clj:133)
    ring.middleware.params$wrap_params$fn__33159.invoke (params.clj:64)
    ring.middleware.cookies$wrap_cookies$fn__32708.invoke (cookies.clj:161)
    ring.middleware.absolute_redirects$wrap_absolute_redirects$fn__33319.invoke (absolute_redirects.clj:47)
    ring.middleware.resource$wrap_resource$fn__33185.invoke (resource.clj:28)
    ring.middleware.content_type$wrap_content_type$fn__33268.invoke (content_type.clj:30)
    ring.middleware.default_charset$wrap_default_charset$fn__33291.invoke (default_charset.clj:31)
    ring.middleware.not_modified$wrap_not_modified$fn__33243.invoke (not_modified.clj:52)
    ring.middleware.x_headers$wrap_x_header$fn__31699.invoke (x_headers.clj:22)
    ring.middleware.x_headers$wrap_x_header$fn__31699.invoke (x_headers.clj:22)
    ring.middleware.x_headers$wrap_x_header$fn__31699.invoke (x_headers.clj:22)
    clojure.lang.Var.invoke (Var.java:381)
    figwheel_sidecar.components.figwheel_server$possible_endpoint$fn__26830.invoke (figwheel_server.clj:200)
    figwheel_sidecar.components.figwheel_server$handle_static_resources$fn__26809.invoke (figwheel_server.clj:173)
    figwheel_sidecar.components.figwheel_server$handle_index$fn__26799.invoke (figwheel_server.clj:160)
    figwheel_sidecar.components.figwheel_server$handle_figwheel_websocket$fn__26824.invoke (figwheel_server.clj:195)
    ring.middleware.cors$wrap_cors$fn__26030.invoke (cors.clj:156)
    figwheel_sidecar.components.figwheel_server$log_output_to_figwheel_server_log$fn__26790.invoke (figwheel_server.clj:141)
    org.httpkit.server.HttpHandler.run (RingHandler.java:91)
    java.util.concurrent.Executors$RunnableAdapter.call (Executors.java:511)
    java.util.concurrent.FutureTask.run (FutureTask.java:266)
    java.util.concurrent.ThreadPoolExecutor.runWorker (ThreadPoolExecutor.java:1149)
    java.util.concurrent.ThreadPoolExecutor$Worker.run (ThreadPoolExecutor.java:624)
    java.lang.Thread.run (Thread.java:748)

